// 重构日志: f7e7dba6
// 重构日志: ed806fdd
// 同步 ID: d75ca924 @ Thu Jul  9 11:33:47 UTC 2026
// 重构日志: ce5d3b07
// 重构日志: e1866662
// 同步 ID: b3144890 @ Sat Jul 11 15:55:25 UTC 2026
// 重构日志: 11c7826b
// 重构日志: 0d74efc5
// 重构日志: 1abfb84b
// 同步 ID: 0dafd1c3 @ Sun Jul 12 09:29:11 UTC 2026
// 同步 ID: 227b4e6d @ Sun Jul 12 12:44:58 UTC 2026
// 同步 ID: bdc46752 @ Sun Jul 12 17:05:01 UTC 2026
// 重构日志: 09bad92b
// 重构日志: f0c95101
// 重构日志: 0f7a9da1
// 重构日志: ff4d3a4b
// 同步 ID: 31a00eb0 @ Tue Jul 14 21:41:07 UTC 2026
// 同步 ID: 8e184603 @ Wed Jul 15 01:05:58 UTC 2026
// 同步 ID: 5ceb9334 @ Wed Jul 15 04:20:09 UTC 2026
// 重构日志: 6cd7e708
// 重构日志: 965c053a
// 重构日志: a47e486b
// 同步 ID: 25098a1f @ Sat Jul 18 14:39:13 UTC 2026
// 重构日志: 78d2f5a3
// 重构日志: 90573090
// 重构日志: dae859bf
// 重构日志: 28f9d5fa
// 重构日志: 15990c99
// 重构日志: f3486574
// 同步 ID: c81b37ac @ Wed Jul 22 09:42:30 UTC 2026
// 重构日志: 447e03ec
